<?xml version="1.0" encoding="UTF-8"?>
<!-- Generated by org.testng.reporters.JUnitReportReporter -->
<testsuite hostname="DESKTOP-K1SDGBA" name="com.tt.admin.TC_IndependentHotel" tests="1" failures="0" timestamp="12 Aug 2020 07:34:15 GMT" time="3.501" errors="0">
  <testcase name="creatIndependentHotel" time="3.501" classname="com.tt.admin.TC_IndependentHotel"/>
</testsuite> <!-- com.tt.admin.TC_IndependentHotel -->
