<?xml version="1.0" encoding="UTF-8"?>
<!-- Generated by org.testng.reporters.JUnitReportReporter -->
<testsuite hostname="DESKTOP-K1SDGBA" name="com.tt.BE.TC_MultiProperty" tests="1" failures="0" timestamp="16 Nov 2020 05:54:19 GMT" time="100.860" errors="0">
  <testcase name="flow" time="100.860" classname="com.tt.BE.TC_MultiProperty"/>
</testsuite> <!-- com.tt.BE.TC_MultiProperty -->
