<?xml version="1.0" encoding="UTF-8"?>
<!-- Generated by org.testng.reporters.JUnitReportReporter -->
<testsuite hostname="DESKTOP-K1SDGBA" name="com.tt.BE.TC_PromoURLBooking" tests="1" failures="0" timestamp="13 Nov 2020 10:30:58 GMT" time="116.105" errors="0">
  <testcase name="offercode" time="116.105" classname="com.tt.BE.TC_PromoURLBooking"/>
</testsuite> <!-- com.tt.BE.TC_PromoURLBooking -->
