<?xml version="1.0" encoding="UTF-8"?>
<!-- Generated by org.testng.reporters.JUnitReportReporter -->
<testsuite hostname="DESKTOP-K1SDGBA" name="com.tt.BE.TC_IBE_Config_Standard" tests="1" failures="0" timestamp="13 Nov 2020 10:07:49 GMT" time="32.303" errors="0">
  <testcase name="StandardFlow" time="32.303" classname="com.tt.BE.TC_IBE_Config_Standard"/>
</testsuite> <!-- com.tt.BE.TC_IBE_Config_Standard -->
