<?xml version="1.0" encoding="UTF-8"?>
<!-- Generated by org.testng.reporters.JUnitReportReporter -->
<testsuite hostname="DESKTOP-K1SDGBA" name="com.tt.MB_Test.TC_Mobile_BackAndForthNavigation" tests="1" failures="0" timestamp="25 Nov 2020 04:02:57 GMT" time="208.050" errors="0">
  <testcase name="BackForth" time="208.050" classname="com.tt.MB_Test.TC_Mobile_BackAndForthNavigation"/>
</testsuite> <!-- com.tt.MB_Test.TC_Mobile_BackAndForthNavigation -->
