<?xml version="1.0" encoding="UTF-8"?>
<!-- Generated by org.testng.reporters.JUnitReportReporter -->
<testsuite hostname="DESKTOP-K1SDGBA" name="Reusable_BE.TC_Standard_New_Modfiy_CancelBooking" tests="2" failures="0" timestamp="13 Nov 2020 07:25:46 GMT" time="653.952" errors="0">
  <testcase name="Flow" time="340.479" classname="Reusable_BE.TC_Standard_New_Modfiy_CancelBooking"/>
  <testcase name="rategrid" time="313.473" classname="Reusable_BE.TC_Standard_New_Modfiy_CancelBooking"/>
</testsuite> <!-- Reusable_BE.TC_Standard_New_Modfiy_CancelBooking -->
