<?xml version="1.0" encoding="UTF-8"?>
<!-- Generated by org.testng.reporters.JUnitReportReporter -->
<testsuite hostname="DESKTOP-K1SDGBA" name="com.tt.admin.TC_Select_Property" tests="1" failures="0" timestamp="25 Nov 2020 10:37:27 GMT" time="7.692" errors="0">
  <testcase name="selProperty" time="7.692" classname="com.tt.admin.TC_Select_Property"/>
</testsuite> <!-- com.tt.admin.TC_Select_Property -->
