<?xml version="1.0" encoding="UTF-8"?>
<!-- Generated by org.testng.reporters.JUnitReportReporter -->
<testsuite hostname="DESKTOP-K1SDGBA" name="com.tt.admin.TC_RateGrid" tests="1" failures="0" timestamp="12 Nov 2020 03:56:55 GMT" time="49.948" errors="0">
  <testcase name="rategrid" time="49.948" classname="com.tt.admin.TC_RateGrid"/>
</testsuite> <!-- com.tt.admin.TC_RateGrid -->
