<?xml version="1.0" encoding="UTF-8"?>
<!-- Generated by org.testng.reporters.JUnitReportReporter -->
<testsuite hostname="DESKTOP-K1SDGBA" name="com.tt.BE.TC_Multiroom" tests="2" failures="0" timestamp="6 Nov 2020 09:13:00 GMT" time="247.034" errors="0">
  <testcase name="rategrid" time="140.085" classname="com.tt.BE.TC_Multiroom"/>
  <testcase name="Flow" time="106.949" classname="com.tt.BE.TC_Multiroom"/>
</testsuite> <!-- com.tt.BE.TC_Multiroom -->
