<?xml version="1.0" encoding="UTF-8"?>
<!-- Generated by org.testng.reporters.JUnitReportReporter -->
<testsuite hostname="DESKTOP-K1SDGBA" name="com.tt.admin.TC_Add_Ons" tests="2" failures="0" timestamp="12 Nov 2020 04:52:51 GMT" time="56.001" errors="0">
  <testcase name="crteAddOns" time="28.873" classname="com.tt.admin.TC_Add_Ons"/>
  <testcase name="crteAddOns" time="27.128" classname="com.tt.admin.TC_Add_Ons"/>
</testsuite> <!-- com.tt.admin.TC_Add_Ons -->
