<?xml version="1.0" encoding="UTF-8"?>
<!-- Generated by org.testng.reporters.JUnitReportReporter -->
<testsuite hostname="DESKTOP-K1SDGBA" name="com.tt.BE.TC_YankeeClassicflow" tests="1" failures="0" timestamp="26 Aug 2020 06:32:30 GMT" time="8.138" errors="0">
  <testcase name="Flow" time="8.138" classname="com.tt.BE.TC_YankeeClassicflow"/>
</testsuite> <!-- com.tt.BE.TC_YankeeClassicflow -->
