<?xml version="1.0" encoding="UTF-8"?>
<!-- Generated by org.testng.reporters.JUnitReportReporter -->
<testsuite hostname="DESKTOP-K1SDGBA" name="com.tt.BE.TC_AccessCodeBooking" tests="1" failures="0" timestamp="6 Nov 2020 09:43:26 GMT" time="328.375" errors="0">
  <testcase name="offercode" time="328.375" classname="com.tt.BE.TC_AccessCodeBooking"/>
</testsuite> <!-- com.tt.BE.TC_AccessCodeBooking -->
