<?xml version="1.0" encoding="UTF-8"?>
<!-- Generated by org.testng.reporters.JUnitReportReporter -->
<testsuite hostname="DESKTOP-K1SDGBA" name="com.tt.admin.TC_AboutNearAttractions" tests="1" failures="0" timestamp="11 Nov 2020 11:19:32 GMT" time="13.956" errors="0">
  <testcase name="nearbyAttraction" time="13.956" classname="com.tt.admin.TC_AboutNearAttractions"/>
</testsuite> <!-- com.tt.admin.TC_AboutNearAttractions -->
