<?xml version="1.0" encoding="UTF-8"?>
<!-- Generated by org.testng.reporters.JUnitReportReporter -->
<testsuite hostname="DESKTOP-K1SDGBA" name="com.tt.admin.TC_Add_NewProperty" tests="1" failures="0" timestamp="11 Nov 2020 10:42:51 GMT" time="46.277" errors="0">
  <testcase name="addNewProperty" time="46.277" classname="com.tt.admin.TC_Add_NewProperty"/>
</testsuite> <!-- com.tt.admin.TC_Add_NewProperty -->
