<?xml version="1.0" encoding="UTF-8"?>
<!-- Generated by org.testng.reporters.JUnitReportReporter -->
<testsuite hostname="DESKTOP-K1SDGBA" name="com.tt.admin.TC_Create_Property_Channel" tests="1" failures="0" timestamp="11 Nov 2020 11:19:32 GMT" time="10.932" errors="0">
  <testcase name="createChannel" time="10.932" classname="com.tt.admin.TC_Create_Property_Channel"/>
</testsuite> <!-- com.tt.admin.TC_Create_Property_Channel -->
