<?xml version="1.0" encoding="UTF-8"?>
<!-- Generated by org.testng.reporters.JUnitReportReporter -->
<testsuite hostname="DESKTOP-K1SDGBA" name="com.tt.admin.TC_AddNewBrand" tests="1" failures="0" timestamp="11 Nov 2020 10:42:51 GMT" time="51.061" errors="0">
  <testcase name="newBrand" time="51.061" classname="com.tt.admin.TC_AddNewBrand"/>
</testsuite> <!-- com.tt.admin.TC_AddNewBrand -->
