<?xml version="1.0" encoding="UTF-8"?>
<!-- Generated by org.testng.reporters.JUnitReportReporter -->
<testsuite hostname="DESKTOP-K1SDGBA" name="com.tt.admin.TC_SmartPolicies" tests="1" failures="0" timestamp="12 Nov 2020 04:56:16 GMT" time="35.583" errors="0">
  <testcase name="crteSmartPolicy" time="35.583" classname="com.tt.admin.TC_SmartPolicies"/>
</testsuite> <!-- com.tt.admin.TC_SmartPolicies -->
