<?xml version="1.0" encoding="UTF-8"?>
<!-- Generated by org.testng.reporters.JUnitReportReporter -->
<testsuite hostname="DESKTOP-K1SDGBA" name="com.tt.BE.TC_GuestPrefQues_Booking" tests="6" failures="0" timestamp="16 Nov 2020 06:18:32 GMT" time="162.330" errors="0">
  <testcase name="Addguestpref" time="13.794" classname="com.tt.BE.TC_GuestPrefQues_Booking"/>
  <testcase name="DeleteGuestpref" time="4.248" classname="com.tt.BE.TC_GuestPrefQues_Booking"/>
  <testcase name="VerifyBE" time="14.970" classname="com.tt.BE.TC_GuestPrefQues_Booking"/>
  <testcase name="BE" time="107.209" classname="com.tt.BE.TC_GuestPrefQues_Booking"/>
  <testcase name="Addguestpref" time="16.248" classname="com.tt.BE.TC_GuestPrefQues_Booking"/>
  <testcase name="DeleteGuestpref" time="5.861" classname="com.tt.BE.TC_GuestPrefQues_Booking"/>
</testsuite> <!-- com.tt.BE.TC_GuestPrefQues_Booking -->
