<?xml version="1.0" encoding="UTF-8"?>
<!-- Generated by org.testng.reporters.JUnitReportReporter -->
<testsuite hostname="DESKTOP-K1SDGBA" name="com.tt.admin.TC_SpecialRate_dates" tests="1" failures="0" timestamp="13 Nov 2020 10:30:58 GMT" time="250.632" errors="0">
  <testcase name="specialrateplan" time="250.632" classname="com.tt.admin.TC_SpecialRate_dates"/>
</testsuite> <!-- com.tt.admin.TC_SpecialRate_dates -->
