<?xml version="1.0" encoding="UTF-8"?>
<!-- Generated by org.testng.reporters.JUnitReportReporter -->
<testsuite hostname="DESKTOP-K1SDGBA" name="com.tt.BE.TC_Multi_Language_And_Currency" tests="1" failures="0" timestamp="13 Nov 2020 11:03:17 GMT" time="104.148" errors="0">
  <testcase name="flow" time="104.148" classname="com.tt.BE.TC_Multi_Language_And_Currency"/>
</testsuite> <!-- com.tt.BE.TC_Multi_Language_And_Currency -->
