<?xml version="1.0" encoding="UTF-8"?>
<!-- Generated by org.testng.reporters.JUnitReportReporter -->
<testsuite hostname="DESKTOP-K1SDGBA" name="com.tt.admin.TC_RoomHierarchy" tests="1" failures="0" timestamp="12 Nov 2020 05:54:26 GMT" time="21.686" errors="0">
  <testcase name="createRoomType" time="21.686" classname="com.tt.admin.TC_RoomHierarchy"/>
</testsuite> <!-- com.tt.admin.TC_RoomHierarchy -->
