<?xml version="1.0" encoding="UTF-8"?>
<!-- Generated by org.testng.reporters.JUnitReportReporter -->
<testsuite hostname="DESKTOP-K1SDGBA" name="com.tt.admin.TC_AddNewRatePlan" tests="1" failures="0" timestamp="12 Nov 2020 03:56:55 GMT" time="125.419" errors="0">
  <testcase name="center" time="125.419" classname="com.tt.admin.TC_AddNewRatePlan"/>
</testsuite> <!-- com.tt.admin.TC_AddNewRatePlan -->
