<?xml version="1.0" encoding="UTF-8"?>
<!-- Generated by org.testng.reporters.JUnitReportReporter -->
<testsuite hostname="DESKTOP-K1SDGBA" name="com.tt.admin.TC_TaxesAndFees" tests="2" failures="0" timestamp="11 Nov 2020 11:19:32 GMT" time="44.032" errors="0">
  <testcase name="testTaxesAndFees" time="21.442" classname="com.tt.admin.TC_TaxesAndFees"/>
  <testcase name="testTaxesAndFees" time="22.590" classname="com.tt.admin.TC_TaxesAndFees"/>
</testsuite> <!-- com.tt.admin.TC_TaxesAndFees -->
