<?xml version="1.0" encoding="UTF-8"?>
<!-- Generated by org.testng.reporters.JUnitReportReporter -->
<testsuite hostname="DESKTOP-K1SDGBA" name="com.tt.admin.TC_ManageAccessCode" tests="1" failures="0" timestamp="12 Nov 2020 04:23:14 GMT" time="80.496" errors="0">
  <testcase name="crteMAC" time="80.496" classname="com.tt.admin.TC_ManageAccessCode"/>
</testsuite> <!-- com.tt.admin.TC_ManageAccessCode -->
