<?xml version="1.0" encoding="UTF-8"?>
<!-- Generated by org.testng.reporters.JUnitReportReporter -->
<testsuite hostname="DESKTOP-K1SDGBA" name="com.tt.admin.TC_OfferCode_Dates" tests="1" failures="0" timestamp="16 Nov 2020 05:19:07 GMT" time="256.158" errors="0">
  <testcase name="offercode" time="256.158" classname="com.tt.admin.TC_OfferCode_Dates"/>
</testsuite> <!-- com.tt.admin.TC_OfferCode_Dates -->
