<?xml version="1.0" encoding="UTF-8"?>
<!-- Generated by org.testng.reporters.JUnitReportReporter -->
<testsuite hostname="DESKTOP-K1SDGBA" name="com.tt.admin.TC_Brand_Selection" tests="1" failures="0" timestamp="25 Nov 2020 10:37:27 GMT" time="75.263" errors="0">
  <testcase name="brandSelection" time="75.263" classname="com.tt.admin.TC_Brand_Selection"/>
</testsuite> <!-- com.tt.admin.TC_Brand_Selection -->
