<?xml version="1.0" encoding="UTF-8"?>
<!-- Generated by org.testng.reporters.JUnitReportReporter -->
<testsuite hostname="DESKTOP-K1SDGBA" name="com.tt.admin.TC_AboutNearByAirPort" tests="1" failures="0" timestamp="11 Nov 2020 11:19:32 GMT" time="15.608" errors="0">
  <testcase name="airport" time="15.608" classname="com.tt.admin.TC_AboutNearByAirPort"/>
</testsuite> <!-- com.tt.admin.TC_AboutNearByAirPort -->
