<?xml version="1.0" encoding="UTF-8"?>
<!-- Generated by org.testng.reporters.JUnitReportReporter -->
<testsuite hostname="DESKTOP-K1SDGBA" name="com.tt.MB_Test.TC_MobileBooking" tests="1" failures="0" timestamp="25 Nov 2020 06:17:49 GMT" time="120.602" errors="0">
  <testcase name="Flow" time="120.602" classname="com.tt.MB_Test.TC_MobileBooking"/>
</testsuite> <!-- com.tt.MB_Test.TC_MobileBooking -->
