<?xml version="1.0" encoding="UTF-8"?>
<!-- Generated by org.testng.reporters.JUnitReportReporter -->
<testsuite hostname="DESKTOP-K1SDGBA" name="com.tt.admin.TC_CallCenterSettings" tests="1" failures="0" timestamp="11 Nov 2020 11:19:32 GMT" time="4.806" errors="0">
  <testcase name="center" time="4.806" classname="com.tt.admin.TC_CallCenterSettings"/>
</testsuite> <!-- com.tt.admin.TC_CallCenterSettings -->
