<?xml version="1.0" encoding="UTF-8"?>
<!-- Generated by org.testng.reporters.JUnitReportReporter -->
<testsuite hostname="DESKTOP-K1SDGBA" name="com.tt.BE.TC_IBE_Config_Yankee" tests="1" failures="0" timestamp="13 Nov 2020 07:52:37 GMT" time="30.023" errors="0">
  <testcase name="Flow" time="30.023" classname="com.tt.BE.TC_IBE_Config_Yankee"/>
</testsuite> <!-- com.tt.BE.TC_IBE_Config_Yankee -->
