<?xml version="1.0" encoding="UTF-8"?>
<!-- Generated by org.testng.reporters.JUnitReportReporter -->
<testsuite hostname="DESKTOP-K1SDGBA" name="com.tt.admin.TC_AboutPRoom" tests="1" failures="0" timestamp="11 Nov 2020 11:19:32 GMT" time="61.835" errors="0">
  <testcase name="propertyRoom" time="61.835" classname="com.tt.admin.TC_AboutPRoom"/>
</testsuite> <!-- com.tt.admin.TC_AboutPRoom -->
