<?xml version="1.0" encoding="UTF-8"?>
<!-- Generated by org.testng.reporters.JUnitReportReporter -->
<testsuite hostname="DESKTOP-K1SDGBA" name="com.tt.MB_Test.TC_Mobile_Multi_langCurr" tests="1" failures="0" timestamp="25 Nov 2020 03:51:18 GMT" time="42.586" errors="0">
  <testcase name="langcurr" time="42.586" classname="com.tt.MB_Test.TC_Mobile_Multi_langCurr"/>
</testsuite> <!-- com.tt.MB_Test.TC_Mobile_Multi_langCurr -->
