<?xml version="1.0" encoding="UTF-8"?>
<!-- Generated by org.testng.reporters.JUnitReportReporter -->
<testsuite hostname="DESKTOP-K1SDGBA" name="com.tt.admin.TC_AboutPDining" tests="1" failures="0" timestamp="11 Nov 2020 11:19:32 GMT" time="15.954" errors="0">
  <testcase name="propertyDining" time="15.954" classname="com.tt.admin.TC_AboutPDining"/>
</testsuite> <!-- com.tt.admin.TC_AboutPDining -->
