<?xml version="1.0" encoding="UTF-8"?>
<!-- Generated by org.testng.reporters.JUnitReportReporter -->
<testsuite hostname="DESKTOP-K1SDGBA" name="com.tt.admin.TC_RatePlanCategories" tests="3" failures="0" timestamp="12 Nov 2020 03:56:55 GMT" time="95.117" errors="0">
  <testcase name="center" time="33.823" classname="com.tt.admin.TC_RatePlanCategories"/>
  <testcase name="center" time="30.666" classname="com.tt.admin.TC_RatePlanCategories"/>
  <testcase name="center" time="30.628" classname="com.tt.admin.TC_RatePlanCategories"/>
</testsuite> <!-- com.tt.admin.TC_RatePlanCategories -->
