<?xml version="1.0" encoding="UTF-8"?>
<!-- Generated by org.testng.reporters.JUnitReportReporter -->
<testsuite hostname="DESKTOP-K1SDGBA" name="com.tt.admin.TC_CompoundAccessCodes" tests="2" failures="0" timestamp="16 Nov 2020 11:42:32 GMT" time="309.562" errors="0">
  <testcase name="propertyRoom" time="33.166" classname="com.tt.admin.TC_CompoundAccessCodes"/>
  <testcase name="specialrateplan" time="276.396" classname="com.tt.admin.TC_CompoundAccessCodes"/>
</testsuite> <!-- com.tt.admin.TC_CompoundAccessCodes -->
