<?xml version="1.0" encoding="UTF-8"?>
<!-- Generated by org.testng.reporters.JUnitReportReporter -->
<testsuite hostname="DESKTOP-K1SDGBA" name="com.tt.admin.TC_Amenties" tests="3" failures="0" timestamp="11 Nov 2020 11:19:32 GMT" time="62.480" errors="0">
  <testcase name="amenities" time="20.963" classname="com.tt.admin.TC_Amenties"/>
  <testcase name="amenities" time="20.601" classname="com.tt.admin.TC_Amenties"/>
  <testcase name="amenities" time="20.916" classname="com.tt.admin.TC_Amenties"/>
</testsuite> <!-- com.tt.admin.TC_Amenties -->
