<?xml version="1.0" encoding="UTF-8"?>
<!-- Generated by org.testng.reporters.JUnitReportReporter -->
<testsuite hostname="DESKTOP-K1SDGBA" name="com.tt.admin.TC_Delete_Property_Channel" tests="1" failures="0" timestamp="25 Aug 2020 06:41:10 GMT" time="9.706" errors="0">
  <testcase name="deleteChannel" time="9.706" classname="com.tt.admin.TC_Delete_Property_Channel"/>
</testsuite> <!-- com.tt.admin.TC_Delete_Property_Channel -->
