<?xml version="1.0" encoding="UTF-8"?>
<!-- Generated by org.testng.reporters.JUnitReportReporter -->
<testsuite hostname="DESKTOP-K1SDGBA" name="com.tt.admin.TC_Policies" tests="1" failures="0" timestamp="12 Nov 2020 04:56:16 GMT" time="44.738" errors="0">
  <testcase name="crtePolicy" time="44.738" classname="com.tt.admin.TC_Policies"/>
</testsuite> <!-- com.tt.admin.TC_Policies -->
