<?xml version="1.0" encoding="UTF-8"?>
<!-- Generated by org.testng.reporters.JUnitReportReporter -->
<testsuite hostname="DESKTOP-K1SDGBA" name="com.tt.admin.TC_GuestPQ" tests="2" failures="0" timestamp="11 Nov 2020 11:19:32 GMT" time="31.857" errors="0">
  <testcase name="guestPQ" time="16.097" classname="com.tt.admin.TC_GuestPQ"/>
  <testcase name="guestPQ" time="15.760" classname="com.tt.admin.TC_GuestPQ"/>
</testsuite> <!-- com.tt.admin.TC_GuestPQ -->
